<?xml version="1.0" encoding="UTF-8"?>
<!-- Generated by org.testng.reporters.JUnitXMLReporter -->
<testsuite hostname="Home" ignored="0" name="ExpediaSearchPage" tests="2" failures="2" timestamp="19 мар 2017 16:12:40 GMT" time="0.041" errors="0">
  <testcase name="fillBasicInfo" time="0.013" classname="page.classes.TestNG_TestSuite">
    <failure type="java.lang.NullPointerException">
      <![CDATA[java.lang.NullPointerException
	at page.classes.SearchPage.navigateToFlightsTab(SearchPage.java:99)
	at page.classes.TestNG_TestSuite.fillBasicInfo(TestNG_TestSuite.java:33)
... Removed 25 stack frames]]>
    </failure>
  </testcase> <!-- fillBasicInfo -->
  <testcase name="fillAdvancedInfo" time="0.002" classname="page.classes.TestNG_TestSuite">
    <failure type="java.lang.NullPointerException">
      <![CDATA[java.lang.NullPointerException
	at page.classes.SearchPage.clickOnAdvancedLink(SearchPage.java:104)
	at page.classes.TestNG_TestSuite.fillAdvancedInfo(TestNG_TestSuite.java:43)
... Removed 25 stack frames]]>
    </failure>
  </testcase> <!-- fillAdvancedInfo -->
</testsuite> <!-- ExpediaSearchPage -->
