<?xml version="1.0" encoding="UTF-8"?>
<testng-results skipped="0" failed="0" ignored="1" total="4" passed="3">
  <reporter-output>
  </reporter-output>
  <suite name="Default suite" duration-ms="59" started-at="2017-03-19T16:53:44Z" finished-at="2017-03-19T16:53:44Z">
    <groups>
    </groups>
    <test name="Default test" duration-ms="59" started-at="2017-03-19T16:53:44Z" finished-at="2017-03-19T16:53:44Z">
      <class name="page.classes.TestNG_Prio">
        <test-method status="PASS" signature="beforeClass()[pri:0, instance:page.classes.TestNG_Prio@4501b7af]" name="beforeClass" is-config="true" duration-ms="13" started-at="2017-03-19T19:53:44Z" finished-at="2017-03-19T19:53:44Z">
          <reporter-output>
          </reporter-output>
        </test-method> <!-- beforeClass -->
        <test-method status="PASS" signature="beforeMethod()[pri:0, instance:page.classes.TestNG_Prio@4501b7af]" name="beforeMethod" is-config="true" duration-ms="1" started-at="2017-03-19T19:53:44Z" finished-at="2017-03-19T19:53:44Z">
          <reporter-output>
          </reporter-output>
        </test-method> <!-- beforeMethod -->
        <test-method status="PASS" signature="BMW3Series()[pri:0, instance:page.classes.TestNG_Prio@4501b7af]" name="BMW3Series" duration-ms="12" started-at="2017-03-19T19:53:44Z" finished-at="2017-03-19T19:53:44Z">
          <reporter-output>
          </reporter-output>
        </test-method> <!-- BMW3Series -->
        <test-method status="PASS" signature="afterMethod()[pri:0, instance:page.classes.TestNG_Prio@4501b7af]" name="afterMethod" is-config="true" duration-ms="0" started-at="2017-03-19T19:53:44Z" finished-at="2017-03-19T19:53:44Z">
          <reporter-output>
          </reporter-output>
        </test-method> <!-- afterMethod -->
        <test-method status="PASS" signature="beforeMethod()[pri:0, instance:page.classes.TestNG_Prio@4501b7af]" name="beforeMethod" is-config="true" duration-ms="0" started-at="2017-03-19T19:53:44Z" finished-at="2017-03-19T19:53:44Z">
          <reporter-output>
          </reporter-output>
        </test-method> <!-- beforeMethod -->
        <test-method status="PASS" signature="AudiA6()[pri:2, instance:page.classes.TestNG_Prio@4501b7af]" name="AudiA6" duration-ms="2" started-at="2017-03-19T19:53:44Z" finished-at="2017-03-19T19:53:44Z">
          <reporter-output>
          </reporter-output>
        </test-method> <!-- AudiA6 -->
        <test-method status="PASS" signature="afterMethod()[pri:0, instance:page.classes.TestNG_Prio@4501b7af]" name="afterMethod" is-config="true" duration-ms="0" started-at="2017-03-19T19:53:44Z" finished-at="2017-03-19T19:53:44Z">
          <reporter-output>
          </reporter-output>
        </test-method> <!-- afterMethod -->
        <test-method status="PASS" signature="beforeMethod()[pri:0, instance:page.classes.TestNG_Prio@4501b7af]" name="beforeMethod" is-config="true" duration-ms="0" started-at="2017-03-19T19:53:44Z" finished-at="2017-03-19T19:53:44Z">
          <reporter-output>
          </reporter-output>
        </test-method> <!-- beforeMethod -->
        <test-method status="PASS" signature="HondaAccord()[pri:3, instance:page.classes.TestNG_Prio@4501b7af]" name="HondaAccord" duration-ms="1" started-at="2017-03-19T19:53:44Z" finished-at="2017-03-19T19:53:44Z">
          <reporter-output>
          </reporter-output>
        </test-method> <!-- HondaAccord -->
        <test-method status="PASS" signature="afterMethod()[pri:0, instance:page.classes.TestNG_Prio@4501b7af]" name="afterMethod" is-config="true" duration-ms="0" started-at="2017-03-19T19:53:44Z" finished-at="2017-03-19T19:53:44Z">
          <reporter-output>
          </reporter-output>
        </test-method> <!-- afterMethod -->
        <test-method status="PASS" signature="afterClass()[pri:0, instance:page.classes.TestNG_Prio@4501b7af]" name="afterClass" is-config="true" duration-ms="1" started-at="2017-03-19T19:53:44Z" finished-at="2017-03-19T19:53:44Z">
          <reporter-output>
          </reporter-output>
        </test-method> <!-- afterClass -->
      </class> <!-- page.classes.TestNG_Prio -->
    </test> <!-- Default test -->
  </suite> <!-- Default suite -->
</testng-results>
