<?xml version="1.0" encoding="UTF-8"?>
<!-- Generated by org.testng.reporters.JUnitXMLReporter -->
<testsuite hostname="Home" ignored="1" name="Default test" tests="3" failures="0" timestamp="19 мар 2017 16:53:44 GMT" time="0.059" errors="0">
  <testcase name="BMW3Series" time="0.012" classname="page.classes.TestNG_Prio"/>
  <testcase name="AudiA6" time="0.002" classname="page.classes.TestNG_Prio"/>
  <testcase name="HondaAccord" time="0.001" classname="page.classes.TestNG_Prio"/>
  <testcase name="BMWX3" time="0.0" classname="page.classes.TestNG_Prio">
    <ignored/>
  </testcase> <!-- BMWX3 -->
</testsuite> <!-- Default test -->
